2025-03-31 20:27:25,080 - INFO - successfully read the YAML file
2025-03-31 20:27:25,080 - INFO - Data Ingestion started with {self.bucket_name} and {self.bucket_file_name}
2025-03-31 20:27:25,080 - INFO - starting data ingestion process
2025-03-31 20:27:30,617 - INFO - Downloaded CSV file from GCP successfully{RAW_FILE_PATH}
2025-03-31 20:27:30,618 - INFO - starting the splitting process
2025-03-31 20:27:31,167 - INFO - Splitted data successfully
2025-03-31 20:27:31,167 - INFO - Trained data successfully {TRAIN_FILE_PATH}
2025-03-31 20:27:31,167 - INFO - Test data successfully {TEST_FILE_PATH}
2025-03-31 20:27:31,170 - INFO - Data ingestion completed successfully
2025-03-31 20:27:31,170 - INFO - Data ingestion completed successfully
2025-03-31 20:27:31,173 - INFO - successfully read the YAML file
2025-03-31 20:27:31,173 - INFO - Loading data from RAW directory
2025-03-31 20:27:31,173 - INFO - Loading data
2025-03-31 20:27:31,299 - INFO - Loading data
2025-03-31 20:27:31,319 - INFO - Starting our Data Processing step
2025-03-31 20:27:31,319 - INFO - Dropping the columns
2025-03-31 20:27:31,348 - INFO - Applying Label Encoding
2025-03-31 20:27:31,368 - INFO - Label Mappings are : 
2025-03-31 20:27:31,368 - INFO - type_of_meal_plan : {'Meal Plan 1': np.int64(0), 'Meal Plan 2': np.int64(1), 'Meal Plan 3': np.int64(2), 'Not Selected': np.int64(3)}
2025-03-31 20:27:31,368 - INFO - required_car_parking_space : {np.int64(0): np.int64(0), np.int64(1): np.int64(1)}
2025-03-31 20:27:31,368 - INFO - room_type_reserved : {'Room_Type 1': np.int64(0), 'Room_Type 2': np.int64(1), 'Room_Type 3': np.int64(2), 'Room_Type 4': np.int64(3), 'Room_Type 5': np.int64(4), 'Room_Type 6': np.int64(5), 'Room_Type 7': np.int64(6)}
2025-03-31 20:27:31,368 - INFO - market_segment_type : {'Aviation': np.int64(0), 'Complementary': np.int64(1), 'Corporate': np.int64(2), 'Offline': np.int64(3), 'Online': np.int64(4)}
2025-03-31 20:27:31,368 - INFO - repeated_guest : {np.int64(0): np.int64(0), np.int64(1): np.int64(1)}
2025-03-31 20:27:31,369 - INFO - booking_status : {'Canceled': np.int64(0), 'Not_Canceled': np.int64(1)}
2025-03-31 20:27:31,369 - INFO - Doing Skewness HAndling
2025-03-31 20:27:31,375 - INFO - Starting our Data Processing step
2025-03-31 20:27:31,375 - INFO - Dropping the columns
2025-03-31 20:27:31,382 - INFO - Applying Label Encoding
2025-03-31 20:27:31,388 - INFO - Label Mappings are : 
2025-03-31 20:27:31,388 - INFO - type_of_meal_plan : {'Meal Plan 1': np.int64(0), 'Meal Plan 2': np.int64(1), 'Meal Plan 3': np.int64(2), 'Not Selected': np.int64(3)}
2025-03-31 20:27:31,388 - INFO - required_car_parking_space : {np.int64(0): np.int64(0), np.int64(1): np.int64(1)}
2025-03-31 20:27:31,388 - INFO - room_type_reserved : {'Room_Type 1': np.int64(0), 'Room_Type 2': np.int64(1), 'Room_Type 3': np.int64(2), 'Room_Type 4': np.int64(3), 'Room_Type 5': np.int64(4), 'Room_Type 6': np.int64(5), 'Room_Type 7': np.int64(6)}
2025-03-31 20:27:31,388 - INFO - market_segment_type : {'Aviation': np.int64(0), 'Complementary': np.int64(1), 'Corporate': np.int64(2), 'Offline': np.int64(3), 'Online': np.int64(4)}
2025-03-31 20:27:31,388 - INFO - repeated_guest : {np.int64(0): np.int64(0), np.int64(1): np.int64(1)}
2025-03-31 20:27:31,388 - INFO - booking_status : {'Canceled': np.int64(0), 'Not_Canceled': np.int64(1)}
2025-03-31 20:27:31,388 - INFO - Doing Skewness HAndling
2025-03-31 20:27:31,392 - INFO - Handling Imbalanced Data
2025-03-31 20:27:31,549 - INFO - Data balanced sucesffuly
2025-03-31 20:27:31,552 - INFO - Handling Imbalanced Data
2025-03-31 20:27:31,573 - INFO - Data balanced sucesffuly
2025-03-31 20:27:31,574 - INFO - Starting our Feature selection step
2025-03-31 20:27:34,742 - INFO - Features selected : ['lead_time' 'no_of_special_requests' 'avg_price_per_room' 'arrival_month'
 'arrival_date' 'market_segment_type' 'no_of_week_nights'
 'no_of_weekend_nights' 'room_type_reserved' 'type_of_meal_plan']
2025-03-31 20:27:34,744 - INFO - Feature slection completed sucesfully
2025-03-31 20:27:34,761 - INFO - Saving our data in processed folder
2025-03-31 20:27:34,874 - INFO - Data saved sucesfuly to artifacts/processed/processed_train.csv
2025-03-31 20:27:34,874 - INFO - Saving our data in processed folder
2025-03-31 20:27:34,906 - INFO - Data saved sucesfuly to artifacts/processed/processed_test.csv
2025-03-31 20:27:34,906 - INFO - Data processing completed sucesfully
2025-03-31 20:27:35,462 - INFO - Starting our Model Training pipeline
2025-03-31 20:27:35,462 - INFO - Starting our MLFLOW experimentation
2025-03-31 20:27:35,462 - INFO - Logging the training and testing datset to MLFLOW
2025-03-31 20:27:35,467 - INFO - Loading data from artifacts/processed/processed_train.csv
2025-03-31 20:27:35,467 - INFO - Loading data
2025-03-31 20:27:35,495 - INFO - Loading data from artifacts/processed/processed_test.csv
2025-03-31 20:27:35,495 - INFO - Loading data
2025-03-31 20:27:35,507 - INFO - Data splitted sucefully for Model Training
2025-03-31 20:27:35,507 - INFO - Intializing our model
2025-03-31 20:27:35,507 - INFO - Starting our Hyperparamter tuning
2025-03-31 20:27:35,508 - INFO - Starting our Hyperparamter tuning
2025-03-31 20:28:41,965 - INFO - Hyperparamter tuning completed
2025-03-31 20:28:41,966 - INFO - Best paramters are : {'boosting_type': 'gbdt', 'learning_rate': np.float64(0.1293700315892974), 'max_depth': 23, 'n_estimators': 314, 'num_leaves': 94}
2025-03-31 20:28:41,966 - INFO - Evaluating our model
2025-03-31 20:28:42,215 - INFO - Accuracy Score : 0.8785969084423305
2025-03-31 20:28:42,215 - INFO - Precision Score : 0.8634703196347032
2025-03-31 20:28:42,215 - INFO - Recall Score : 0.8994054696789536
2025-03-31 20:28:42,215 - INFO - F1 Score : 0.8810716365754222
2025-03-31 20:28:42,216 - INFO - saving the model
2025-03-31 20:28:42,296 - INFO - Model saved to artifacts/models/lgbm_model.pkl
2025-03-31 20:28:42,297 - INFO - Logging the model into MLFLOW
2025-03-31 20:28:42,301 - INFO - Logging Params and metrics to MLFLOW
2025-03-31 20:28:42,327 - INFO - Model Training sucesfullly completed
